<?xml version="1.0" encoding="UTF-8"?>
<!-- Generated by org.testng.reporters.JUnitReportReporter -->
<testsuite hostname="DESKTOP-C3BNNEF" failures="0" tests="2" name="com.extentreport.ExtentReportDemowithTestNG" time="0.035" errors="0" timestamp="2021-07-20T15:44:23 IST" skipped="0">
  <testcase classname="com.extentreport.ExtentReportDemowithTestNG" name="Test" time="0.029"/>
  <system-out/>
  <testcase classname="com.extentreport.ExtentReportDemowithTestNG" name="Test1" time="0.006"/>
  <system-out/>
</testsuite> <!-- com.extentreport.ExtentReportDemowithTestNG -->
